<?xml version="1.0" encoding="UTF-8"?>
<!-- Generated by org.testng.reporters.JUnitReportReporter -->
<testsuite hostname="DESKTOP-D2H4SSF" failures="0" tests="1" name="demo.DemoTest" time="12.735" errors="0" timestamp="2021-10-13T13:34:34 IST" skipped="0">
  <testcase classname="demo.DemoTest" name="setup" time="12.735"/>
  <system-out/>
</testsuite> <!-- demo.DemoTest -->
