<?xml version="1.0" encoding="UTF-8"?>
<!-- Generated by org.testng.reporters.JUnitReportReporter -->
<testsuite hostname="DESKTOP-D2H4SSF" failures="0" tests="1" name="demo.DemoTest" time="28.303" errors="0" timestamp="2021-10-14T14:39:08 IST" skipped="0">
  <testcase classname="demo.DemoTest" name="setup" time="28.303"/>
  <system-out/>
</testsuite> <!-- demo.DemoTest -->
