<?xml version="1.0" encoding="UTF-8"?>
<!-- Generated by org.testng.reporters.JUnitReportReporter -->
<testsuite hostname="DESKTOP-D2H4SSF" failures="0" tests="1" name="demo.DemoTest" time="16.146" errors="0" timestamp="2021-10-13T13:58:17 IST" skipped="0">
  <testcase classname="demo.DemoTest" name="setup" time="16.146"/>
  <system-out/>
</testsuite> <!-- demo.DemoTest -->
